
> school-app@0.1.0 dev
> next dev --hostname 0.0.0.0 --port ${PORT:-3000}

   ▲ Next.js 15.5.15
   - Local:        http://localhost:3000
   - Network:      http://0.0.0.0:3000

 ✓ Starting...
Attention: Next.js now collects completely anonymous telemetry regarding usage.
This information is used to shape Next.js' roadmap and prioritize features.
You can learn more, including how to opt-out if you'd not like to participate in this anonymous program, by visiting the following URL:
https://nextjs.org/telemetry

 ✓ Ready in 2.3s
 ○ Compiling / ...
 ✓ Compiled / in 9.2s (1603 modules)
 GET / 200 in 10513ms
 ○ Compiling /api/auth/[...nextauth] ...
 ✓ Compiled /api/auth/[...nextauth] in 3s (1839 modules)
 GET / 200 in 624ms
[next-auth][warn][NEXTAUTH_URL]
https://next-auth.js.org/warnings#nextauth_url
[next-auth][warn][NO_SECRET]
https://next-auth.js.org/warnings#no_secret
 GET /api/auth/session 200 in 4296ms
