
> school-app@0.1.0 dev
> next dev --hostname 0.0.0.0 --port ${PORT:-3000}

   ▲ Next.js 15.5.15
   - Local:        http://localhost:3000
   - Network:      http://0.0.0.0:3000
   - Environments: .env.local

 ✓ Starting...
 ✓ Ready in 1734ms
 ✓ Compiled /middleware in 146ms (193 modules)
 ○ Compiling /api/auth/signup ...
 ✓ Compiled /api/auth/signup in 577ms (384 modules)
 POST /api/auth/signup 201 in 4255ms
Signup error: [MongoServerError: E11000 duplicate key error collection: test.schools index: code_1 dup key: { code: "QASCHOOL" }] {
  errorLabelSet: Set(0) {},
  errorResponse: [Object],
  index: 0,
  code: 11000,
  keyPattern: [Object],
  keyValue: [Object]
}
 POST /api/auth/signup 500 in 224ms
 ✓ Compiled /api/auth/login in 359ms (416 modules)
[Login] User not found: qa_flow_1778655122@mail.com
 POST /api/auth/login 401 in 1125ms
 POST /api/auth/signup 201 in 967ms
 POST /api/auth/login 200 in 313ms
 POST /api/auth/login 200 in 385ms
 ○ Compiling /admin/dashboard ...
 ✓ Compiled /admin/dashboard in 2.2s (2210 modules)
 GET /admin/dashboard 200 in 2371ms
 ○ Compiling /api/classes ...
 ✓ Compiled /api/classes in 840ms (2232 modules)
 GET /api/academic-years 200 in 1161ms
 GET /api/teachers 200 in 1230ms
 GET /api/exams 200 in 1386ms
 GET /api/classes 200 in 1411ms
 GET /api/teachers 200 in 247ms
 GET /api/exams 200 in 449ms
 GET /api/classes 200 in 488ms
 GET /api/analytics/dashboard 200 in 2084ms
 GET /api/analytics/dashboard?academic_year_id=6a041f5fac10f907946dcbec 200 in 1048ms
 ✓ Compiled /auth/login in 369ms (2248 modules)
 GET /auth/login 200 in 490ms
 GET /auth/login 200 in 28ms
 GET /api/analytics/dashboard 200 in 2866ms
 ✓ Compiled /auth/signup in 283ms (2255 modules)
 GET /auth/signup 200 in 377ms
Signup error: [MongoServerError: E11000 duplicate key error collection: test.schools index: code_1 dup key: { code: "NEXTSHINES" }] {
  errorLabelSet: Set(0) {},
  errorResponse: [Object],
  index: 0,
  code: 11000,
  keyPattern: [Object],
  keyValue: [Object]
}
 POST /api/auth/signup 500 in 262ms
Signup error: [MongoServerError: E11000 duplicate key error collection: test.schools index: code_1 dup key: { code: "NEXTSHINES" }] {
  errorLabelSet: Set(0) {},
  errorResponse: [Object],
  index: 0,
  code: 11000,
  keyPattern: [Object],
  keyValue: [Object]
}
 POST /api/auth/signup 500 in 579ms
